2024-06-24 11:44:34,034 INFO  [main] com.meze.MezeApplicationTests:Starting MezeApplicationTests using Java 18.0.2.1 on DESKTOP-PDIF9H6 with PID 16264 (started by sadik in C:\Users\sadik\Desktop\meze back)
2024-06-24 11:44:34,063 INFO  [main] com.meze.MezeApplicationTests:No active profile set, falling back to 1 default profile: "default"
2024-06-24 11:44:38,768 INFO  [main] org.springframework.data.repository.config.RepositoryConfigurationDelegate:Bootstrapping Spring Data JPA repositories in DEFAULT mode.
2024-06-24 11:44:39,297 INFO  [main] org.springframework.data.repository.config.RepositoryConfigurationDelegate:Finished Spring Data repository scanning in 494 ms. Found 15 JPA repository interfaces.
2024-06-24 11:44:41,563 INFO  [main] org.hibernate.jpa.internal.util.LogHelper:HHH000204: Processing PersistenceUnitInfo [name: default]
2024-06-24 11:44:41,834 INFO  [main] org.hibernate.Version:HHH000412: Hibernate ORM core version 5.6.14.Final
2024-06-24 11:44:42,605 INFO  [main] org.hibernate.annotations.common.Version:HCANN000001: Hibernate Commons Annotations {5.1.2.Final}
2024-06-24 11:44:43,297 INFO  [main] com.zaxxer.hikari.HikariDataSource:HikariPool-1 - Starting...
2024-06-24 11:44:49,392 INFO  [main] com.zaxxer.hikari.HikariDataSource:HikariPool-1 - Start completed.
2024-06-24 11:44:49,467 INFO  [main] org.hibernate.dialect.Dialect:HHH000400: Using dialect: org.hibernate.dialect.PostgreSQLDialect
2024-06-24 11:44:54,230 INFO  [main] org.hibernate.orm.connections.access:HHH10001501: Connection obtained from JdbcConnectionAccess [org.hibernate.engine.jdbc.env.internal.JdbcEnvironmentInitiator$ConnectionProviderJdbcConnectionAccess@6e7cb01a] for (non-JTA) DDL execution was not in auto-commit mode; the Connection 'local transaction' will be committed and the Connection will be set into auto-commit mode.
2024-06-24 11:45:13,875 INFO  [main] org.hibernate.engine.transaction.jta.platform.internal.JtaPlatformInitiator:HHH000490: Using JtaPlatform implementation: [org.hibernate.engine.transaction.jta.platform.internal.NoJtaPlatform]
2024-06-24 11:45:13,925 INFO  [main] org.springframework.orm.jpa.LocalContainerEntityManagerFactoryBean:Initialized JPA EntityManagerFactory for persistence unit 'default'
2024-06-24 11:45:19,221 INFO  [main] org.springframework.security.web.DefaultSecurityFilterChain:Will secure any request with [org.springframework.security.web.session.DisableEncodeUrlFilter@5a88ecb9, org.springframework.security.web.context.request.async.WebAsyncManagerIntegrationFilter@5ace902e, org.springframework.security.web.context.SecurityContextPersistenceFilter@4407f129, org.springframework.security.web.header.HeaderWriterFilter@72bef795, org.springframework.security.web.authentication.logout.LogoutFilter@59bf79f3, com.meze.security.jwt.AuthTokenFilter@54ee423f, org.springframework.security.web.savedrequest.RequestCacheAwareFilter@513fb873, org.springframework.security.web.servletapi.SecurityContextHolderAwareRequestFilter@2a4a95c4, org.springframework.security.web.authentication.AnonymousAuthenticationFilter@396a4dea, org.springframework.security.web.session.SessionManagementFilter@56c26b21, org.springframework.security.web.access.ExceptionTranslationFilter@6ade4ac6, org.springframework.security.web.access.intercept.FilterSecurityInterceptor@66ca8882]
2024-06-24 11:45:20,384 WARN  [main] org.springframework.boot.autoconfigure.orm.jpa.JpaBaseConfiguration$JpaWebConfiguration:spring.jpa.open-in-view is enabled by default. Therefore, database queries may be performed during view rendering. Explicitly configure spring.jpa.open-in-view to disable this warning
2024-06-24 11:45:26,936 WARN  [main] org.springframework.security.config.annotation.web.builders.WebSecurity:You are asking Spring Security to ignore Ant [pattern='/v3/api-docs/**']. This is not recommended -- please use permitAll via HttpSecurity#authorizeHttpRequests instead.
2024-06-24 11:45:26,941 INFO  [main] org.springframework.security.web.DefaultSecurityFilterChain:Will not secure Ant [pattern='/v3/api-docs/**']
2024-06-24 11:45:26,944 WARN  [main] org.springframework.security.config.annotation.web.builders.WebSecurity:You are asking Spring Security to ignore Ant [pattern='swagger-ui.html']. This is not recommended -- please use permitAll via HttpSecurity#authorizeHttpRequests instead.
2024-06-24 11:45:26,945 INFO  [main] org.springframework.security.web.DefaultSecurityFilterChain:Will not secure Ant [pattern='swagger-ui.html']
2024-06-24 11:45:26,946 WARN  [main] org.springframework.security.config.annotation.web.builders.WebSecurity:You are asking Spring Security to ignore Ant [pattern='/swagger-ui/**']. This is not recommended -- please use permitAll via HttpSecurity#authorizeHttpRequests instead.
2024-06-24 11:45:26,947 INFO  [main] org.springframework.security.web.DefaultSecurityFilterChain:Will not secure Ant [pattern='/swagger-ui/**']
2024-06-24 11:45:26,948 WARN  [main] org.springframework.security.config.annotation.web.builders.WebSecurity:You are asking Spring Security to ignore Ant [pattern='/']. This is not recommended -- please use permitAll via HttpSecurity#authorizeHttpRequests instead.
2024-06-24 11:45:26,949 INFO  [main] org.springframework.security.web.DefaultSecurityFilterChain:Will not secure Ant [pattern='/']
2024-06-24 11:45:26,950 WARN  [main] org.springframework.security.config.annotation.web.builders.WebSecurity:You are asking Spring Security to ignore Ant [pattern='index.html']. This is not recommended -- please use permitAll via HttpSecurity#authorizeHttpRequests instead.
2024-06-24 11:45:26,951 INFO  [main] org.springframework.security.web.DefaultSecurityFilterChain:Will not secure Ant [pattern='index.html']
2024-06-24 11:45:26,953 WARN  [main] org.springframework.security.config.annotation.web.builders.WebSecurity:You are asking Spring Security to ignore Ant [pattern='/images/**']. This is not recommended -- please use permitAll via HttpSecurity#authorizeHttpRequests instead.
2024-06-24 11:45:26,954 INFO  [main] org.springframework.security.web.DefaultSecurityFilterChain:Will not secure Ant [pattern='/images/**']
2024-06-24 11:45:26,954 WARN  [main] org.springframework.security.config.annotation.web.builders.WebSecurity:You are asking Spring Security to ignore Ant [pattern='/css/**']. This is not recommended -- please use permitAll via HttpSecurity#authorizeHttpRequests instead.
2024-06-24 11:45:26,954 INFO  [main] org.springframework.security.web.DefaultSecurityFilterChain:Will not secure Ant [pattern='/css/**']
2024-06-24 11:45:26,955 WARN  [main] org.springframework.security.config.annotation.web.builders.WebSecurity:You are asking Spring Security to ignore Ant [pattern='/js/**']. This is not recommended -- please use permitAll via HttpSecurity#authorizeHttpRequests instead.
2024-06-24 11:45:26,955 INFO  [main] org.springframework.security.web.DefaultSecurityFilterChain:Will not secure Ant [pattern='/js/**']
2024-06-24 11:45:27,229 INFO  [main] org.springframework.boot.actuate.endpoint.web.EndpointLinksResolver:Exposing 15 endpoint(s) beneath base path '/actuator'
2024-06-24 11:45:27,587 INFO  [main] com.meze.MezeApplicationTests:Started MezeApplicationTests in 54.972 seconds (JVM running for 58.576)
2024-06-24 11:45:32,487 INFO  [SpringApplicationShutdownHook] org.springframework.orm.jpa.LocalContainerEntityManagerFactoryBean:Closing JPA EntityManagerFactory for persistence unit 'default'
2024-06-24 11:45:32,497 INFO  [SpringApplicationShutdownHook] com.zaxxer.hikari.HikariDataSource:HikariPool-1 - Shutdown initiated...
2024-06-24 11:45:35,254 INFO  [SpringApplicationShutdownHook] com.zaxxer.hikari.HikariDataSource:HikariPool-1 - Shutdown completed.
